<?xml version="1.0" encoding="UTF-8"?>
<!-- Generated by org.testng.reporters.JUnitReportReporter -->
<testsuite hostname="Nida-G5" failures="0" tests="2" name="Test.LoginTest" time="48.041" errors="0" timestamp="2023-02-20T20:55:22 GMT" skipped="0">
  <testcase classname="Test.LoginTest" name="ValidLoginTest" time="4.070"/>
  <system-out/>
  <testcase classname="Test.LoginTest" name="InvalidLoginTest" time="43.971"/>
  <system-out/>
</testsuite> <!-- Test.LoginTest -->
